Start testing: Apr 16 13:59 IST
----------------------------------------------------------
1/3 Testing: TestIntegrator
1/3 Test: TestIntegrator
Command: "/Users/moradiya84/Desktop/GBM Path Simulator & Distributional Analyzer/build/test_integrator"
Directory: /Users/moradiya84/Desktop/GBM Path Simulator & Distributional Analyzer/build
"TestIntegrator" start time: Apr 16 13:59 IST
Output:
----------------------------------------------------------
========================================
Starting SDE Integrator Tests...
========================================
[PASS] test_one_step_euler
[PASS] test_basic_path_evolution
[INFO] Exact: 102.698, Euler: 103.004 (Err: 0.305808), Milstein: 102.699 (Err: 0.000789831)
[PASS] test_milstein_accuracy (Milstein converges physically tighter than Euler)
========================================
All integrations passed successfully.
========================================
<end of output>
Test time =   0.34 sec
----------------------------------------------------------
Test Passed.
"TestIntegrator" end time: Apr 16 13:59 IST
"TestIntegrator" time elapsed: 00:00:00
----------------------------------------------------------

2/3 Testing: TestCholesky
2/3 Test: TestCholesky
Command: "/Users/moradiya84/Desktop/GBM Path Simulator & Distributional Analyzer/build/test_cholesky"
Directory: /Users/moradiya84/Desktop/GBM Path Simulator & Distributional Analyzer/build
"TestCholesky" start time: Apr 16 13:59 IST
Output:
----------------------------------------------------------
========================================
Starting Cholesky Verification...
========================================
[PASS] test_reconstruction (L * L^T reconstructed exactly)
[PASS] test_empirical_correlation (Empirical ~ 0.59889 vs Target 0.6)
========================================
All tests passed successfully.
========================================
<end of output>
Test time =   0.41 sec
----------------------------------------------------------
Test Passed.
"TestCholesky" end time: Apr 16 13:59 IST
"TestCholesky" time elapsed: 00:00:00
----------------------------------------------------------

3/3 Testing: TestStatistics
3/3 Test: TestStatistics
Command: "/Users/moradiya84/Desktop/GBM Path Simulator & Distributional Analyzer/build/test_statistics"
Directory: /Users/moradiya84/Desktop/GBM Path Simulator & Distributional Analyzer/build
"TestStatistics" start time: Apr 16 13:59 IST
Output:
----------------------------------------------------------
========================================
Starting Statistics Tests...
========================================
[PASS] Mean = 5 (expected 5.0)
[PASS] Variance = 4 (expected 4.0)
[PASS] Skewness = 0.65625 (positive, right-skewed)
[PASS] Excess Kurtosis = -0.21875 (negative, platykurtic)

--- Empirical vs Theoretical (100k paths) ---
Mean:     Empirical = 105.165,  Theoretical = 105.127
Variance: Empirical = 446.645,  Theoretical = 451.029
Skewness: Empirical = 0.597597
Kurtosis: Empirical = 0.639206
[PASS] Mean relative error = 0.0357426%
[PASS] Variance relative error = 0.971996%
[PASS] Skewness is positive (lognormal property)
[PASS] Excess kurtosis is positive (lognormal heavy tails)
========================================
All statistics tests passed.
========================================
<end of output>
Test time =   1.11 sec
----------------------------------------------------------
Test Passed.
"TestStatistics" end time: Apr 16 13:59 IST
"TestStatistics" time elapsed: 00:00:01
----------------------------------------------------------

End testing: Apr 16 13:59 IST
